SELECT  a.id, UNNEST(multirange(a.valid_at) * j.valid_at) AS valid_at
FROM    a
JOIN (
  SELECT  b.id, range_agg(b.valid_at) AS valid_at
  FROM    b
  GROUP BY b.id
) AS j
ON a.id = j.id AND a.valid_at && j.valid_at;
 id | valid_at 
----+----------
  1 | [5,10)
  1 | [15,20)
  6 | [5,12)
  9 | [1,20)
(4 rows)

-- If it is an equijoin and the FK is on the left side
-- (thus the right side is unique),
-- we can simplify to this:
SELECT  a.id, a.valid_at * b.valid_at
FROM    a
JOIN    b
ON      a.id = b.id
AND     a.valid_at && b.valid_at
AND     NOT isempty(a.valid_at * b.valid_at)
WHERE   a.id IS DISTINCT FROM 6;
 id | ?column? 
----+----------
  1 | [5,10)
  1 | [15,20)
  9 | [1,20)
(3 rows)

-- Test with our function:
SELECT	*
FROM		temporal_semijoin('a', 'id', 'valid_at', 'b', 'id', 'valid_at') AS t(id int, valid_at int4range);
 id | valid_at 
----+----------
  1 | [5,10)
  1 | [15,20)
  6 | [5,12)
  9 | [1,20)
(4 rows)

-- Qual is pushed down:
INSERT INTO a SELECT 10, int4range(i, i+1) FROM generate_series(1,1000) s(i);
CREATE INDEX idx_a_id ON a (id);
CREATE INDEX idx_b_id ON b (id);
ANALYZE a, b;
EXPLAIN SELECT *
FROM		temporal_semijoin('a', 'id', 'valid_at', 'b', 'id', 'valid_at') AS t(id int, valid_at int4range)
WHERE   id = 1;
                                  QUERY PLAN                                   
-------------------------------------------------------------------------------
 ProjectSet  (cost=0.15..9.83 rows=100 width=36)
   ->  Nested Loop  (cost=0.15..9.32 rows=1 width=49)
         Join Filter: (a.valid_at && (range_agg(b.valid_at)))
         ->  Index Scan using idx_a_id on a  (cost=0.15..8.17 rows=1 width=17)
               Index Cond: (id = 1)
         ->  GroupAggregate  (cost=0.00..1.13 rows=1 width=36)
               ->  Seq Scan on b  (cost=0.00..1.11 rows=2 width=17)
                     Filter: (id = 1)
(8 rows)

DROP INDEX idx_a_id;
DROP INDEX idx_b_id;
DELETE FROM a WHERE id = 10;
-- Without the support function:
CREATE OR REPLACE FUNCTION temporal_semijoin_support(INTERNAL)
RETURNS INTERNAL
AS 'temporal_ops', 'noop_support'
LANGUAGE C;
SELECT	*
FROM		temporal_semijoin('a', 'id', 'valid_at', 'b', 'id', 'valid_at') AS t(id int, valid_at int4range);
NOTICE:  noop_support 464
NOTICE:  noop_support 466
NOTICE:  noop_support 469
NOTICE:  noop_support 468
 id | valid_at 
----+----------
  1 | [5,10)
  1 | [15,20)
  6 | [5,12)
  9 | [1,20)
(4 rows)

